<?xml version="1.0" encoding="UTF-8"?>
<testng-results skipped="0" failed="0" ignored="0" total="1" passed="1">
  <reporter-output>
    <line>
      <![CDATA[Navigating to url = http://www.cheapoair.com]]>
    </line>
    <line>
      <![CDATA[Navigation is complete on url = http://www.cheapoair.com]]>
    </line>
    <line>
      <![CDATA[Text before find element is = ]]>
    </line>
    <line>
      <![CDATA[Text before find element is = 1]]>
    </line>
    <line>
      <![CDATA[Text before find element is = 2]]>
    </line>
    <line>
      <![CDATA[Text before find element is = 3]]>
    </line>
    <line>
      <![CDATA[Text before find element is = 4]]>
    </line>
    <line>
      <![CDATA[Text before find element is = 5]]>
    </line>
    <line>
      <![CDATA[Text before find element is = 6]]>
    </line>
    <line>
      <![CDATA[Text before find element is = 1]]>
    </line>
    <line>
      <![CDATA[Text before find element is = 2]]>
    </line>
    <line>
      <![CDATA[Text before find element is = 3]]>
    </line>
    <line>
      <![CDATA[Text before find element is = 4]]>
    </line>
    <line>
      <![CDATA[Text before find element is = 5]]>
    </line>
    <line>
      <![CDATA[Text before find element is = 6]]>
    </line>
    <line>
      <![CDATA[Text before find element is = 7]]>
    </line>
    <line>
      <![CDATA[Text before find element is = 8]]>
    </line>
    <line>
      <![CDATA[Text before find element is = 9]]>
    </line>
    <line>
      <![CDATA[Text before find element is = 10]]>
    </line>
    <line>
      <![CDATA[Text before find element is = 11]]>
    </line>
    <line>
      <![CDATA[Text before find element is = 12]]>
    </line>
    <line>
      <![CDATA[Text before find element is = 13]]>
    </line>
    <line>
      <![CDATA[Text before find element is = 14]]>
    </line>
    <line>
      <![CDATA[Text before find element is = 15]]>
    </line>
    <line>
      <![CDATA[Text before find element is = 16]]>
    </line>
    <line>
      <![CDATA[Text before find element is = 17]]>
    </line>
    <line>
      <![CDATA[Text before find element is = 18]]>
    </line>
    <line>
      <![CDATA[Text before find element is = 19]]>
    </line>
    <line>
      <![CDATA[Text before find element is = 20]]>
    </line>
    <line>
      <![CDATA[Text before find element is = 21]]>
    </line>
    <line>
      <![CDATA[Text before find element is = 22]]>
    </line>
    <line>
      <![CDATA[Text before find element is = 23]]>
    </line>
    <line>
      <![CDATA[Text before find element is = 24]]>
    </line>
    <line>
      <![CDATA[Text before find element is = 25]]>
    </line>
    <line>
      <![CDATA[Text before find element is = 26]]>
    </line>
    <line>
      <![CDATA[Text before find element is = 27]]>
    </line>
    <line>
      <![CDATA[Text before find element is = 28]]>
    </line>
    <line>
      <![CDATA[Text before find element is = 29]]>
    </line>
  </reporter-output>
  <suite name="Default suite" duration-ms="17426" started-at="2020-02-29T08:37:37Z" finished-at="2020-02-29T08:37:54Z">
    <groups>
    </groups>
    <test name="Default test" duration-ms="17426" started-at="2020-02-29T08:37:37Z" finished-at="2020-02-29T08:37:54Z">
      <class name="seleniumPractice.TC03">
        <test-method status="PASS" signature="openBrowser()[pri:0, instance:seleniumPractice.TC03@2a70a3d8]" name="openBrowser" is-config="true" duration-ms="10305" started-at="2020-02-29T08:37:37Z" finished-at="2020-02-29T08:37:47Z">
          <reporter-output>
          </reporter-output>
        </test-method> <!-- openBrowser -->
        <test-method status="PASS" signature="selectDatesFromCalendar()[pri:0, instance:seleniumPractice.TC03@2a70a3d8]" name="selectDatesFromCalendar" duration-ms="7099" started-at="2020-02-29T08:37:47Z" finished-at="2020-02-29T08:37:54Z">
          <reporter-output>
            <line>
              <![CDATA[Navigating to url = http://www.cheapoair.com]]>
            </line>
            <line>
              <![CDATA[Navigation is complete on url = http://www.cheapoair.com]]>
            </line>
            <line>
              <![CDATA[Text before find element is = ]]>
            </line>
            <line>
              <![CDATA[Text before find element is = 1]]>
            </line>
            <line>
              <![CDATA[Text before find element is = 2]]>
            </line>
            <line>
              <![CDATA[Text before find element is = 3]]>
            </line>
            <line>
              <![CDATA[Text before find element is = 4]]>
            </line>
            <line>
              <![CDATA[Text before find element is = 5]]>
            </line>
            <line>
              <![CDATA[Text before find element is = 6]]>
            </line>
            <line>
              <![CDATA[Text before find element is = 1]]>
            </line>
            <line>
              <![CDATA[Text before find element is = 2]]>
            </line>
            <line>
              <![CDATA[Text before find element is = 3]]>
            </line>
            <line>
              <![CDATA[Text before find element is = 4]]>
            </line>
            <line>
              <![CDATA[Text before find element is = 5]]>
            </line>
            <line>
              <![CDATA[Text before find element is = 6]]>
            </line>
            <line>
              <![CDATA[Text before find element is = 7]]>
            </line>
            <line>
              <![CDATA[Text before find element is = 8]]>
            </line>
            <line>
              <![CDATA[Text before find element is = 9]]>
            </line>
            <line>
              <![CDATA[Text before find element is = 10]]>
            </line>
            <line>
              <![CDATA[Text before find element is = 11]]>
            </line>
            <line>
              <![CDATA[Text before find element is = 12]]>
            </line>
            <line>
              <![CDATA[Text before find element is = 13]]>
            </line>
            <line>
              <![CDATA[Text before find element is = 14]]>
            </line>
            <line>
              <![CDATA[Text before find element is = 15]]>
            </line>
            <line>
              <![CDATA[Text before find element is = 16]]>
            </line>
            <line>
              <![CDATA[Text before find element is = 17]]>
            </line>
            <line>
              <![CDATA[Text before find element is = 18]]>
            </line>
            <line>
              <![CDATA[Text before find element is = 19]]>
            </line>
            <line>
              <![CDATA[Text before find element is = 20]]>
            </line>
            <line>
              <![CDATA[Text before find element is = 21]]>
            </line>
            <line>
              <![CDATA[Text before find element is = 22]]>
            </line>
            <line>
              <![CDATA[Text before find element is = 23]]>
            </line>
            <line>
              <![CDATA[Text before find element is = 24]]>
            </line>
            <line>
              <![CDATA[Text before find element is = 25]]>
            </line>
            <line>
              <![CDATA[Text before find element is = 26]]>
            </line>
            <line>
              <![CDATA[Text before find element is = 27]]>
            </line>
            <line>
              <![CDATA[Text before find element is = 28]]>
            </line>
            <line>
              <![CDATA[Text before find element is = 29]]>
            </line>
          </reporter-output>
        </test-method> <!-- selectDatesFromCalendar -->
        <test-method status="PASS" signature="quitBrowser()[pri:0, instance:seleniumPractice.TC03@2a70a3d8]" name="quitBrowser" is-config="true" duration-ms="0" started-at="2020-02-29T08:37:54Z" finished-at="2020-02-29T08:37:54Z">
          <reporter-output>
          </reporter-output>
        </test-method> <!-- quitBrowser -->
      </class> <!-- seleniumPractice.TC03 -->
    </test> <!-- Default test -->
  </suite> <!-- Default suite -->
</testng-results>
