<?xml version="1.0" encoding="UTF-8"?>
<testng-results skipped="0" failed="0" ignored="0" total="1" passed="1">
  <reporter-output>
  </reporter-output>
  <suite name="Default suite" duration-ms="55866" started-at="2020-02-22T14:20:54 IST" finished-at="2020-02-22T14:21:50 IST">
    <groups>
    </groups>
    <test name="Default test" duration-ms="55866" started-at="2020-02-22T14:20:54 IST" finished-at="2020-02-22T14:21:50 IST">
      <class name="org.techAltum.com.TC01">
        <test-method status="PASS" signature="openBrowser()[pri:0, instance:org.techAltum.com.TC01@f4168b8]" name="openBrowser" is-config="true" duration-ms="10555" started-at="2020-02-22T14:20:54 IST" finished-at="2020-02-22T14:21:05 IST">
          <reporter-output>
          </reporter-output>
        </test-method> <!-- openBrowser -->
        <test-method status="PASS" signature="testCase01()[pri:0, instance:org.techAltum.com.TC01@f4168b8]" name="testCase01" duration-ms="45271" started-at="2020-02-22T14:21:05 IST" finished-at="2020-02-22T14:21:50 IST">
          <reporter-output>
          </reporter-output>
        </test-method> <!-- testCase01 -->
        <test-method status="PASS" signature="quitBrowser()[pri:0, instance:org.techAltum.com.TC01@f4168b8]" name="quitBrowser" is-config="true" duration-ms="1" started-at="2020-02-22T14:21:50 IST" finished-at="2020-02-22T14:21:50 IST">
          <reporter-output>
          </reporter-output>
        </test-method> <!-- quitBrowser -->
      </class> <!-- org.techAltum.com.TC01 -->
    </test> <!-- Default test -->
  </suite> <!-- Default suite -->
</testng-results>
